<?xml version="1.0" encoding="UTF-8"?>
<!-- Generated by org.testng.reporters.JUnitReportReporter -->
<testsuite skipped="0" hostname="DESKTOP-8PPIFBR" name="testcases.LogintestNG" tests="4" failures="0" timestamp="25 Mar 2022 02:25:09 GMT" time="159.063" errors="0">
  <testcase name="ExternalDataTest" time="51.200" classname="testcases.LogintestNG"/>
  <testcase name="LoginSuscessTest" time="30.162" classname="testcases.LogintestNG"/>
  <testcase name="ParameterizedTest" time="28.564" classname="testcases.LogintestNG"/>
  <testcase name="Loginfailure" time="49.137" classname="testcases.LogintestNG"/>
</testsuite> <!-- testcases.LogintestNG -->
